Started at Thu Jun 03 17:22:44 IST 2021
Processing Demo
Offering Demo to Project Build Discarder
Processing Devdemo
Offering Devdemo to Project Build Discarder
Processing TestProject
Offering TestProject to Project Build Discarder
Finished at Thu Jun 03 17:22:44 IST 2021. 41ms
Started at Thu Jun 03 18:22:44 IST 2021
Processing Demo
Offering Demo to Project Build Discarder
Processing Devdemo
Offering Devdemo to Project Build Discarder
Processing TestProject
Offering TestProject to Project Build Discarder
Finished at Thu Jun 03 18:22:44 IST 2021. 15ms
Started at Thu Jun 03 19:46:28 IST 2021
Processing Demo
Offering Demo to Project Build Discarder
Processing Devdemo
Offering Devdemo to Project Build Discarder
Processing TestProject
Offering TestProject to Project Build Discarder
Finished at Thu Jun 03 19:46:28 IST 2021. 62ms
